  [1m[35m (154.9ms)[0m  [1m[35mCREATE DATABASE "Robynhode_development" ENCODING = 'unicode'[0m
  ↳ bin/rails:9
  [1m[35m (58.2ms)[0m  [1m[35mCREATE DATABASE "Robynhode_test" ENCODING = 'unicode'[0m
  ↳ bin/rails:9
  [1m[35m (25.3ms)[0m  [1m[35mCREATE TABLE "schema_migrations" ("version" character varying NOT NULL PRIMARY KEY)[0m
  ↳ bin/rails:9
  [1m[35m (26.3ms)[0m  [1m[35mCREATE TABLE "ar_internal_metadata" ("key" character varying NOT NULL PRIMARY KEY, "value" character varying, "created_at" timestamp NOT NULL, "updated_at" timestamp NOT NULL)[0m
  ↳ bin/rails:9
  [1m[35m (0.1ms)[0m  [1m[34mSELECT pg_try_advisory_lock(3659793759546976065)[0m
  ↳ bin/rails:9
  [1m[35m (0.3ms)[0m  [1m[34mSELECT "schema_migrations"."version" FROM "schema_migrations" ORDER BY "schema_migrations"."version" ASC[0m
  ↳ bin/rails:9
Migrating to CreateUsers (20200921155627)
  [1m[35m (0.1ms)[0m  [1m[34mSELECT pg_advisory_unlock(3659793759546976065)[0m
  ↳ bin/rails:9
  [1m[35m (0.1ms)[0m  [1m[34mSELECT pg_try_advisory_lock(3659793759546976065)[0m
  ↳ bin/rails:9
  [1m[35m (0.5ms)[0m  [1m[34mSELECT "schema_migrations"."version" FROM "schema_migrations" ORDER BY "schema_migrations"."version" ASC[0m
  ↳ bin/rails:9
Migrating to CreateUsers (20200921155627)
  [1m[35m (0.1ms)[0m  [1m[35mBEGIN[0m
  ↳ bin/rails:9
  [1m[35m (18.8ms)[0m  [1m[35mCREATE TABLE "users" ("id" bigserial primary key, "username" character varying NOT NULL, "first_name" character varying NOT NULL, "last_name" character varying NOT NULL, "email" character varying NOT NULL, "password_digest" character varying NOT NULL, "session_token" character varying NOT NULL, "available_funds" integer NOT NULL, "created_at" timestamp NOT NULL, "updated_at" timestamp NOT NULL)[0m
  ↳ db/migrate/20200921155627_create_users.rb:3
  [1m[35m (5.4ms)[0m  [1m[35mCREATE UNIQUE INDEX  "index_users_on_username" ON "users"  ("username")[0m
  ↳ db/migrate/20200921155627_create_users.rb:14
  [1m[35m (0.6ms)[0m  [1m[35mCREATE UNIQUE INDEX  "index_users_on_email" ON "users"  ("email")[0m
  ↳ db/migrate/20200921155627_create_users.rb:15
  [1m[35m (0.7ms)[0m  [1m[35mCREATE UNIQUE INDEX  "index_users_on_session_token" ON "users"  ("session_token")[0m
  ↳ db/migrate/20200921155627_create_users.rb:16
  [1m[36mActiveRecord::SchemaMigration Create (0.3ms)[0m  [1m[32mINSERT INTO "schema_migrations" ("version") VALUES ($1) RETURNING "version"[0m  [["version", "20200921155627"]]
  ↳ bin/rails:9
  [1m[35m (0.3ms)[0m  [1m[35mCOMMIT[0m
  ↳ bin/rails:9
  [1m[36mActiveRecord::InternalMetadata Load (0.3ms)[0m  [1m[34mSELECT  "ar_internal_metadata".* FROM "ar_internal_metadata" WHERE "ar_internal_metadata"."key" = $1 LIMIT $2[0m  [["key", "environment"], ["LIMIT", 1]]
  ↳ bin/rails:9
  [1m[35m (0.1ms)[0m  [1m[35mBEGIN[0m
  ↳ bin/rails:9
  [1m[36mActiveRecord::InternalMetadata Create (0.3ms)[0m  [1m[32mINSERT INTO "ar_internal_metadata" ("key", "value", "created_at", "updated_at") VALUES ($1, $2, $3, $4) RETURNING "key"[0m  [["key", "environment"], ["value", "development"], ["created_at", "2020-09-21 16:03:09.484805"], ["updated_at", "2020-09-21 16:03:09.484805"]]
  ↳ bin/rails:9
  [1m[35m (8.2ms)[0m  [1m[35mCOMMIT[0m
  ↳ bin/rails:9
  [1m[35m (0.2ms)[0m  [1m[34mSELECT pg_advisory_unlock(3659793759546976065)[0m
  ↳ bin/rails:9
  [1m[35m (0.3ms)[0m  [1m[34mSELECT "schema_migrations"."version" FROM "schema_migrations" ORDER BY "schema_migrations"."version" ASC[0m
  ↳ bin/rails:9
  [1m[35m (0.5ms)[0m  [1m[34mSELECT "schema_migrations"."version" FROM "schema_migrations" ORDER BY "schema_migrations"."version" ASC[0m
  ↳ bin/rails:9
  [1m[35m (0.5ms)[0m  [1m[34mSELECT "schema_migrations"."version" FROM "schema_migrations" ORDER BY "schema_migrations"."version" ASC[0m
  ↳ /Users/markcamilleri/.rbenv/versions/2.5.1/bin/annotate:23
Started GET "/" for ::1 at 2020-09-21 13:21:48 -0400
  [1m[35m (0.5ms)[0m  [1m[34mSELECT "schema_migrations"."version" FROM "schema_migrations" ORDER BY "schema_migrations"."version" ASC[0m
  ↳ /Users/markcamilleri/.rbenv/versions/2.5.1/lib/ruby/gems/2.5.0/gems/activerecord-5.2.4.4/lib/active_record/log_subscriber.rb:98

ActionController::RoutingError - uninitialized constant StaticPagesController:

Started POST "/__better_errors/624a03eb1f085273/variables" for ::1 at 2020-09-21 13:21:48 -0400
Started GET "/" for ::1 at 2020-09-21 13:23:07 -0400
Processing by StaticPagesController#root as HTML
  Rendering static_pages/root.html.erb within layouts/application
  Rendered static_pages/root.html.erb within layouts/application (0.7ms)
Completed 200 OK in 1250ms (Views: 1249.6ms | ActiveRecord: 0.0ms)


Started GET "/" for ::1 at 2020-09-21 13:48:32 -0400
Processing by StaticPagesController#root as HTML
  Rendering static_pages/root.html.erb within layouts/application
  Rendered static_pages/root.html.erb within layouts/application (0.2ms)
Completed 200 OK in 398ms (Views: 398.4ms | ActiveRecord: 0.0ms)


Started POST "/api/users" for ::1 at 2020-09-21 13:49:26 -0400
Processing by Api::UsersController#create as JSON
  Parameters: {"user"=>{"username"=>"mark", "first_name"=>"mark", "last_name"=>"camilleri", "email"=>"mark@mark.com", "available_funds"=>"100"}}
  [1m[35m (0.1ms)[0m  [1m[35mBEGIN[0m
  ↳ app/controllers/api/users_controller.rb:9
  [1m[36mUser Exists (28.3ms)[0m  [1m[34mSELECT  1 AS one FROM "users" WHERE "users"."username" = $1 LIMIT $2[0m  [["username", "mark"], ["LIMIT", 1]]
  ↳ app/controllers/api/users_controller.rb:9
  [1m[36mUser Exists (0.2ms)[0m  [1m[34mSELECT  1 AS one FROM "users" WHERE "users"."email" = $1 LIMIT $2[0m  [["email", "mark@mark.com"], ["LIMIT", 1]]
  ↳ app/controllers/api/users_controller.rb:9
  [1m[36mUser Exists (0.2ms)[0m  [1m[34mSELECT  1 AS one FROM "users" WHERE "users"."session_token" = $1 LIMIT $2[0m  [["session_token", "8gEWcqkL1GJ7HniwhExcyQ"], ["LIMIT", 1]]
  ↳ app/controllers/api/users_controller.rb:9
  [1m[35m (0.1ms)[0m  [1m[31mROLLBACK[0m
  ↳ app/controllers/api/users_controller.rb:9
Completed 422 Unprocessable Entity in 62ms (Views: 0.1ms | ActiveRecord: 42.3ms)


Started POST "/api/users" for ::1 at 2020-09-21 13:50:00 -0400
Processing by Api::UsersController#create as JSON
  Parameters: {"user"=>{"username"=>"mark", "first_name"=>"mark", "last_name"=>"camilleri", "email"=>"mark@mark.com", "available_funds"=>"100", "password"=>"[FILTERED]"}}
  [1m[35m (0.1ms)[0m  [1m[35mBEGIN[0m
  ↳ app/controllers/api/users_controller.rb:9
  [1m[36mUser Exists (0.3ms)[0m  [1m[34mSELECT  1 AS one FROM "users" WHERE "users"."username" = $1 LIMIT $2[0m  [["username", "mark"], ["LIMIT", 1]]
  ↳ app/controllers/api/users_controller.rb:9
  [1m[36mUser Exists (0.2ms)[0m  [1m[34mSELECT  1 AS one FROM "users" WHERE "users"."email" = $1 LIMIT $2[0m  [["email", "mark@mark.com"], ["LIMIT", 1]]
  ↳ app/controllers/api/users_controller.rb:9
  [1m[36mUser Exists (0.2ms)[0m  [1m[34mSELECT  1 AS one FROM "users" WHERE "users"."session_token" = $1 LIMIT $2[0m  [["session_token", "JU8ECcqljlVkNZqXcRSEfg"], ["LIMIT", 1]]
  ↳ app/controllers/api/users_controller.rb:9
  [1m[36mUser Create (0.6ms)[0m  [1m[32mINSERT INTO "users" ("username", "first_name", "last_name", "email", "password_digest", "session_token", "available_funds", "created_at", "updated_at") VALUES ($1, $2, $3, $4, $5, $6, $7, $8, $9) RETURNING "id"[0m  [["username", "mark"], ["first_name", "mark"], ["last_name", "camilleri"], ["email", "mark@mark.com"], ["password_digest", "$2a$12$GZh8fOsCRX9uevRua5t07.V6g9OzvlkBUKzTQsQzcCKtf2zAHvvo."], ["session_token", "JU8ECcqljlVkNZqXcRSEfg"], ["available_funds", 100], ["created_at", "2020-09-21 17:50:00.344759"], ["updated_at", "2020-09-21 17:50:00.344759"]]
  ↳ app/controllers/api/users_controller.rb:9
  [1m[35m (6.0ms)[0m  [1m[35mCOMMIT[0m
  ↳ app/controllers/api/users_controller.rb:9
  [1m[35m (0.1ms)[0m  [1m[35mBEGIN[0m
  ↳ app/models/user.rb:57
  [1m[36mUser Exists (0.5ms)[0m  [1m[34mSELECT  1 AS one FROM "users" WHERE "users"."username" = $1 AND "users"."id" != $2 LIMIT $3[0m  [["username", "mark"], ["id", 1], ["LIMIT", 1]]
  ↳ app/models/user.rb:57
  [1m[36mUser Exists (0.2ms)[0m  [1m[34mSELECT  1 AS one FROM "users" WHERE "users"."email" = $1 AND "users"."id" != $2 LIMIT $3[0m  [["email", "mark@mark.com"], ["id", 1], ["LIMIT", 1]]
  ↳ app/models/user.rb:57
  [1m[36mUser Exists (0.2ms)[0m  [1m[34mSELECT  1 AS one FROM "users" WHERE "users"."session_token" = $1 AND "users"."id" != $2 LIMIT $3[0m  [["session_token", "oyfnuVYqDlSKMJK_9dd68w"], ["id", 1], ["LIMIT", 1]]
  ↳ app/models/user.rb:57
  [1m[36mUser Update (0.3ms)[0m  [1m[33mUPDATE "users" SET "session_token" = $1, "updated_at" = $2 WHERE "users"."id" = $3[0m  [["session_token", "oyfnuVYqDlSKMJK_9dd68w"], ["updated_at", "2020-09-21 17:50:00.354397"], ["id", 1]]
  ↳ app/models/user.rb:57
  [1m[35m (5.8ms)[0m  [1m[35mCOMMIT[0m
  ↳ app/models/user.rb:57
  Rendering api/users/create.json.jbuilder
  Rendered api/users/_user.json.jbuilder (0.3ms)
  Rendered api/users/create.json.jbuilder (1.5ms)
Completed 200 OK in 193ms (Views: 7.5ms | ActiveRecord: 14.3ms)


  [1m[36mUser Load (0.5ms)[0m  [1m[34mSELECT "users".* FROM "users"[0m
Started DELETE "/api/session" for ::1 at 2020-09-21 13:50:25 -0400
Processing by Api::SessionsController#destroy as JSON
  [1m[36mUser Load (0.2ms)[0m  [1m[34mSELECT  "users".* FROM "users" WHERE "users"."session_token" = $1 LIMIT $2[0m  [["session_token", "oyfnuVYqDlSKMJK_9dd68w"], ["LIMIT", 1]]
  ↳ app/controllers/application_controller.rb:6
  [1m[35m (0.1ms)[0m  [1m[35mBEGIN[0m
  ↳ app/models/user.rb:57
  [1m[36mUser Exists (0.2ms)[0m  [1m[34mSELECT  1 AS one FROM "users" WHERE "users"."username" = $1 AND "users"."id" != $2 LIMIT $3[0m  [["username", "mark"], ["id", 1], ["LIMIT", 1]]
  ↳ app/models/user.rb:57
  [1m[36mUser Exists (0.2ms)[0m  [1m[34mSELECT  1 AS one FROM "users" WHERE "users"."email" = $1 AND "users"."id" != $2 LIMIT $3[0m  [["email", "mark@mark.com"], ["id", 1], ["LIMIT", 1]]
  ↳ app/models/user.rb:57
  [1m[36mUser Exists (0.2ms)[0m  [1m[34mSELECT  1 AS one FROM "users" WHERE "users"."session_token" = $1 AND "users"."id" != $2 LIMIT $3[0m  [["session_token", "abuQ7SfTRq5VKTdWxa-1wg"], ["id", 1], ["LIMIT", 1]]
  ↳ app/models/user.rb:57
  [1m[36mUser Update (0.2ms)[0m  [1m[33mUPDATE "users" SET "session_token" = $1, "updated_at" = $2 WHERE "users"."id" = $3[0m  [["session_token", "abuQ7SfTRq5VKTdWxa-1wg"], ["updated_at", "2020-09-21 17:50:25.509984"], ["id", 1]]
  ↳ app/models/user.rb:57
  [1m[35m (6.0ms)[0m  [1m[35mCOMMIT[0m
  ↳ app/models/user.rb:57
No template found for Api::SessionsController#destroy, rendering head :no_content
Completed 204 No Content in 101ms (ActiveRecord: 7.1ms)


Started POST "/api/session" for ::1 at 2020-09-21 13:50:31 -0400
Processing by Api::SessionsController#create as JSON
  Parameters: {"user"=>{"username"=>"mark", "password"=>"[FILTERED]"}}
  [1m[36mUser Load (0.2ms)[0m  [1m[34mSELECT  "users".* FROM "users" WHERE "users"."email" IS NULL LIMIT $1[0m  [["LIMIT", 1]]
  ↳ app/models/user.rb:34
Completed 422 Unprocessable Entity in 2ms (Views: 0.1ms | ActiveRecord: 0.2ms)


Started DELETE "/api/session" for ::1 at 2020-09-21 13:51:29 -0400
Processing by Api::SessionsController#destroy as JSON
  [1m[36mUser Load (0.4ms)[0m  [1m[34mSELECT  "users".* FROM "users" WHERE "users"."session_token" IS NULL LIMIT $1[0m  [["LIMIT", 1]]
  ↳ app/controllers/application_controller.rb:6
  Rendering api/sessions/destroy.json.jbuilder
  Rendered api/sessions/destroy.json.jbuilder (0.2ms)
Completed 200 OK in 9ms (Views: 5.6ms | ActiveRecord: 0.4ms)


Started POST "/api/session" for ::1 at 2020-09-21 13:51:33 -0400
Processing by Api::SessionsController#create as JSON
  Parameters: {"user"=>{"username"=>"mark", "password"=>"[FILTERED]"}}
  [1m[36mUser Load (0.2ms)[0m  [1m[34mSELECT  "users".* FROM "users" WHERE "users"."email" IS NULL LIMIT $1[0m  [["LIMIT", 1]]
  ↳ app/models/user.rb:34
Completed 422 Unprocessable Entity in 1ms (Views: 0.1ms | ActiveRecord: 0.2ms)


Started POST "/api/session" for ::1 at 2020-09-21 13:52:20 -0400
Processing by Api::SessionsController#create as JSON
  Parameters: {"user"=>{"username"=>"mark", "password"=>"[FILTERED]"}}
  [1m[36mUser Load (0.3ms)[0m  [1m[34mSELECT  "users".* FROM "users" WHERE "users"."email" IS NULL LIMIT $1[0m  [["LIMIT", 1]]
  ↳ app/models/user.rb:34
Completed 422 Unprocessable Entity in 30799ms (Views: 0.1ms | ActiveRecord: 1.4ms)


Started POST "/api/session" for ::1 at 2020-09-21 13:52:54 -0400
Processing by Api::SessionsController#create as JSON
  Parameters: {"user"=>{"email"=>"mark@mark.com", "password"=>"[FILTERED]"}}
  [1m[36mUser Load (0.2ms)[0m  [1m[34mSELECT  "users".* FROM "users" WHERE "users"."email" = $1 LIMIT $2[0m  [["email", "mark@mark.com"], ["LIMIT", 1]]
  ↳ app/models/user.rb:34
  [1m[35m (0.1ms)[0m  [1m[35mBEGIN[0m
  ↳ app/models/user.rb:57
  [1m[36mUser Exists (0.2ms)[0m  [1m[34mSELECT  1 AS one FROM "users" WHERE "users"."username" = $1 AND "users"."id" != $2 LIMIT $3[0m  [["username", "mark"], ["id", 1], ["LIMIT", 1]]
  ↳ app/models/user.rb:57
  [1m[36mUser Exists (0.2ms)[0m  [1m[34mSELECT  1 AS one FROM "users" WHERE "users"."email" = $1 AND "users"."id" != $2 LIMIT $3[0m  [["email", "mark@mark.com"], ["id", 1], ["LIMIT", 1]]
  ↳ app/models/user.rb:57
  [1m[36mUser Exists (0.2ms)[0m  [1m[34mSELECT  1 AS one FROM "users" WHERE "users"."session_token" = $1 AND "users"."id" != $2 LIMIT $3[0m  [["session_token", "BQ8xLQsT9i3YQSj0X3YygQ"], ["id", 1], ["LIMIT", 1]]
  ↳ app/models/user.rb:57
  [1m[36mUser Update (0.2ms)[0m  [1m[33mUPDATE "users" SET "session_token" = $1, "updated_at" = $2 WHERE "users"."id" = $3[0m  [["session_token", "BQ8xLQsT9i3YQSj0X3YygQ"], ["updated_at", "2020-09-21 17:53:03.533439"], ["id", 1]]
  ↳ app/models/user.rb:57
  [1m[35m (5.9ms)[0m  [1m[35mCOMMIT[0m
  ↳ app/models/user.rb:57
  Rendering api/sessions/create.json.jbuilder
  Rendered api/users/_user.json.jbuilder (0.2ms)
  Rendered api/sessions/create.json.jbuilder (1.2ms)
Completed 200 OK in 9538ms (Views: 7.5ms | ActiveRecord: 9.1ms)


Started GET "/" for ::1 at 2020-09-21 14:13:18 -0400
Processing by StaticPagesController#root as HTML
  Rendering static_pages/root.html.erb within layouts/application
  Rendered static_pages/root.html.erb within layouts/application (0.2ms)
Completed 200 OK in 404ms (Views: 404.2ms | ActiveRecord: 0.0ms)


Started GET "/" for ::1 at 2020-09-21 14:14:01 -0400
Processing by StaticPagesController#root as HTML
  Rendering static_pages/root.html.erb within layouts/application
  Rendered static_pages/root.html.erb within layouts/application (0.2ms)
Completed 200 OK in 403ms (Views: 403.1ms | ActiveRecord: 0.0ms)


Started GET "/" for ::1 at 2020-09-21 14:15:03 -0400
Processing by StaticPagesController#root as HTML
  Rendering static_pages/root.html.erb within layouts/application
  Rendered static_pages/root.html.erb within layouts/application (0.2ms)
Completed 200 OK in 23ms (Views: 23.4ms | ActiveRecord: 0.0ms)


Started GET "/" for ::1 at 2020-09-21 14:16:01 -0400
Processing by StaticPagesController#root as HTML
  Rendering static_pages/root.html.erb within layouts/application
  Rendered static_pages/root.html.erb within layouts/application (0.2ms)
Completed 200 OK in 406ms (Views: 405.8ms | ActiveRecord: 0.0ms)


Started POST "/api/session" for ::1 at 2020-09-21 14:16:05 -0400
Processing by Api::SessionsController#create as JSON
  Parameters: {"user"=>{"email"=>"mark@mark.com", "password"=>"[FILTERED]"}}
  [1m[36mUser Load (0.5ms)[0m  [1m[34mSELECT  "users".* FROM "users" WHERE "users"."email" = $1 LIMIT $2[0m  [["email", "mark@mark.com"], ["LIMIT", 1]]
  ↳ app/models/user.rb:34
Started GET "/" for ::1 at 2020-09-21 14:22:09 -0400
  [1m[35m (0.5ms)[0m  [1m[35mBEGIN[0m
  ↳ app/models/user.rb:57
  [1m[36mUser Exists (0.8ms)[0m  [1m[34mSELECT  1 AS one FROM "users" WHERE "users"."username" = $1 AND "users"."id" != $2 LIMIT $3[0m  [["username", "mark"], ["id", 1], ["LIMIT", 1]]
  ↳ app/models/user.rb:57
  [1m[36mUser Exists (1.1ms)[0m  [1m[34mSELECT  1 AS one FROM "users" WHERE "users"."email" = $1 AND "users"."id" != $2 LIMIT $3[0m  [["email", "mark@mark.com"], ["id", 1], ["LIMIT", 1]]
  ↳ app/models/user.rb:57
  [1m[36mUser Exists (0.4ms)[0m  [1m[34mSELECT  1 AS one FROM "users" WHERE "users"."session_token" = $1 AND "users"."id" != $2 LIMIT $3[0m  [["session_token", "VODbuGDMdYMRex3nmScEQw"], ["id", 1], ["LIMIT", 1]]
  ↳ app/models/user.rb:57
  [1m[36mUser Update (0.9ms)[0m  [1m[33mUPDATE "users" SET "session_token" = $1, "updated_at" = $2 WHERE "users"."id" = $3[0m  [["session_token", "VODbuGDMdYMRex3nmScEQw"], ["updated_at", "2020-09-21 18:22:10.376829"], ["id", 1]]
  ↳ app/models/user.rb:57
Processing by StaticPagesController#root as HTML
  [1m[35m (8.0ms)[0m  [1m[35mCOMMIT[0m
  ↳ app/models/user.rb:57
  Rendering api/sessions/create.json.jbuilder
  Rendering static_pages/root.html.erb within layouts/application
  Rendered static_pages/root.html.erb within layouts/application (0.6ms)
  Rendered api/users/_user.json.jbuilder (0.3ms)
  Rendered api/sessions/create.json.jbuilder (3.5ms)
Completed 200 OK in 364758ms (Views: 12.5ms | ActiveRecord: 12.2ms)


Completed 200 OK in 428ms (Views: 428.1ms | ActiveRecord: 0.0ms)


Started GET "/" for ::1 at 2020-09-21 14:22:24 -0400
Processing by StaticPagesController#root as HTML
  Rendering static_pages/root.html.erb within layouts/application
  Rendered static_pages/root.html.erb within layouts/application (0.2ms)
Completed 200 OK in 12ms (Views: 11.9ms | ActiveRecord: 0.0ms)


